生成启动时间为 2023/8/3 22:41:06。
     1>项目“E:\代码\test_8_03\test_8_03\test_8_03.vcxproj”在节点 2 上(build 个目标)。
     1>InitializeBuildStatus:
         正在对“Debug\test_8_03.unsuccessfulbuild”执行 Touch 任务。
       ClCompile:
         C:\Program Files (x86)\Microsoft Visual Studio 10.0\VC\bin\CL.exe /c /ZI /nologo /W3 /WX- /Od /Oy- /D _MBCS /Gm /EHsc /RTC1 /MDd /GS /fp:precise /Zc:wchar_t /Zc:forScope /Fo"Debug\\" /Fd"Debug\vc100.pdb" /Gd /TC /analyze- /errorReport:prompt test.c
         test.c
     1>e:\代码\test_8_03\test_8_03\test.c(10): error C2109: 下标要求数组或指针类型
     1>e:\代码\test_8_03\test_8_03\test.c(11): error C2109: 下标要求数组或指针类型
     1>e:\代码\test_8_03\test_8_03\test.c(11): error C2109: 下标要求数组或指针类型
     1>e:\代码\test_8_03\test_8_03\test.c(12): error C2109: 下标要求数组或指针类型
     1>e:\代码\test_8_03\test_8_03\test.c(22): warning C4047: “函数”:“int”与“int [10]”的间接级别不同
     1>e:\代码\test_8_03\test_8_03\test.c(22): warning C4024: “bubble_sort”: 形参和实参 1 的类型不同
     1>已完成生成项目“E:\代码\test_8_03\test_8_03\test_8_03.vcxproj”(build 个目标)的操作 - 失败。

生成失败。

已用时间 00:00:00.10
